SkipFeedAndroid/app/build/intermediates/manifest_merge_blame_file/release/processReleaseMainManifest/manifest-merger-blame-release-report.txt
1<?xml version="1.0" encoding="utf-8"?>
2<manifest xmlns:android="http://schemas.android.com/apk/res/android"
3    package="com.skipfeed.android"
4    android:versionCode="1"
5    android:versionName="1.0" >
6
7    <uses-sdk
8        android:minSdkVersion="24"
9        android:targetSdkVersion="34" />
10
11    <uses-permission android:name="android.permission.INTERNET" />
11-->src/main/AndroidManifest.xml:5:5-67
11-->src/main/AndroidManifest.xml:5:22-64
12    <uses-permission android:name="android.permission.ACCESS_NETWORK_STATE" />
12-->src/main/AndroidManifest.xml:6:5-79
12-->src/main/AndroidManifest.xml:6:22-76
13
14    <!-- URL scheme handlers for opening external apps -->
15    <queries>
15-->src/main/AndroidManifest.xml:35:5-77:15
16        <intent>
16-->src/main/AndroidManifest.xml:36:9-40:18
17            <action android:name="android.intent.action.VIEW" />
17-->src/main/AndroidManifest.xml:37:13-65
17-->src/main/AndroidManifest.xml:37:21-62
18
19            <category android:name="android.intent.category.BROWSABLE" />
19-->src/main/AndroidManifest.xml:38:13-74
19-->src/main/AndroidManifest.xml:38:23-71
20
21            <data android:scheme="https" />
21-->src/main/AndroidManifest.xml:39:13-44
21-->src/main/AndroidManifest.xml:39:19-41
22        </intent>
23        <intent>
23-->src/main/AndroidManifest.xml:41:9-45:18
24            <action android:name="android.intent.action.VIEW" />
24-->src/main/AndroidManifest.xml:37:13-65
24-->src/main/AndroidManifest.xml:37:21-62
25
26            <category android:name="android.intent.category.BROWSABLE" />
26-->src/main/AndroidManifest.xml:38:13-74
26-->src/main/AndroidManifest.xml:38:23-71
27
28            <data android:scheme="reddit" />
28-->src/main/AndroidManifest.xml:39:13-44
28-->src/main/AndroidManifest.xml:39:19-41
29        </intent>
30        <intent>
30-->src/main/AndroidManifest.xml:46:9-50:18
31            <action android:name="android.intent.action.VIEW" />
31-->src/main/AndroidManifest.xml:37:13-65
31-->src/main/AndroidManifest.xml:37:21-62
32
33            <category android:name="android.intent.category.BROWSABLE" />
33-->src/main/AndroidManifest.xml:38:13-74
33-->src/main/AndroidManifest.xml:38:23-71
34
35            <data android:scheme="youtube" />
35-->src/main/AndroidManifest.xml:39:13-44
35-->src/main/AndroidManifest.xml:39:19-41
36        </intent>
37        <intent>
37-->src/main/AndroidManifest.xml:51:9-55:18
38            <action android:name="android.intent.action.VIEW" />
38-->src/main/AndroidManifest.xml:37:13-65
38-->src/main/AndroidManifest.xml:37:21-62
39
40            <category android:name="android.intent.category.BROWSABLE" />
40-->src/main/AndroidManifest.xml:38:13-74
40-->src/main/AndroidManifest.xml:38:23-71
41
42            <data android:scheme="twitter" />
42-->src/main/AndroidManifest.xml:39:13-44
42-->src/main/AndroidManifest.xml:39:19-41
43        </intent>
44        <intent>
44-->src/main/AndroidManifest.xml:56:9-60:18
45            <action android:name="android.intent.action.VIEW" />
45-->src/main/AndroidManifest.xml:37:13-65
45-->src/main/AndroidManifest.xml:37:21-62
46
47            <category android:name="android.intent.category.BROWSABLE" />
47-->src/main/AndroidManifest.xml:38:13-74
47-->src/main/AndroidManifest.xml:38:23-71
48
49            <data android:scheme="instagram" />
49-->src/main/AndroidManifest.xml:39:13-44
49-->src/main/AndroidManifest.xml:39:19-41
50        </intent>
51        <intent>
51-->src/main/AndroidManifest.xml:61:9-65:18
52            <action android:name="android.intent.action.VIEW" />
52-->src/main/AndroidManifest.xml:37:13-65
52-->src/main/AndroidManifest.xml:37:21-62
53
54            <category android:name="android.intent.category.BROWSABLE" />
54-->src/main/AndroidManifest.xml:38:13-74
54-->src/main/AndroidManifest.xml:38:23-71
55
56            <data android:scheme="facebook" />
56-->src/main/AndroidManifest.xml:39:13-44
56-->src/main/AndroidManifest.xml:39:19-41
57        </intent>
58        <intent>
58-->src/main/AndroidManifest.xml:66:9-70:18
59            <action android:name="android.intent.action.VIEW" />
59-->src/main/AndroidManifest.xml:37:13-65
59-->src/main/AndroidManifest.xml:37:21-62
60
61            <category android:name="android.intent.category.BROWSABLE" />
61-->src/main/AndroidManifest.xml:38:13-74
61-->src/main/AndroidManifest.xml:38:23-71
62
63            <data android:scheme="tiktok" />
63-->src/main/AndroidManifest.xml:39:13-44
63-->src/main/AndroidManifest.xml:39:19-41
64        </intent>
65
66        <package android:name="com.reddit.frontpage" />
66-->src/main/AndroidManifest.xml:71:9-56
66-->src/main/AndroidManifest.xml:71:18-53
67        <package android:name="com.google.android.youtube" />
67-->src/main/AndroidManifest.xml:72:9-62
67-->src/main/AndroidManifest.xml:72:18-59
68        <package android:name="com.twitter.android" />
68-->src/main/AndroidManifest.xml:73:9-55
68-->src/main/AndroidManifest.xml:73:18-52
69        <package android:name="com.instagram.android" />
69-->src/main/AndroidManifest.xml:74:9-57
69-->src/main/AndroidManifest.xml:74:18-54
70        <package android:name="com.facebook.katana" />
70-->src/main/AndroidManifest.xml:75:9-55
70-->src/main/AndroidManifest.xml:75:18-52
71        <package android:name="com.ss.android.ugc.trill" />
71-->src/main/AndroidManifest.xml:76:9-60
71-->src/main/AndroidManifest.xml:76:18-57
72    </queries>
73
74    <permission
74-->[androidx.core:core:1.13.0] AndroidManifest.xml:22:5-24:47
75        android:name="com.skipfeed.android.DYNAMIC_RECEIVER_NOT_EXPORTED_PERMISSION"
75-->[androidx.core:core:1.13.0] AndroidManifest.xml:23:9-81
76        android:protectionLevel="signature" />
76-->[androidx.core:core:1.13.0] AndroidManifest.xml:24:9-44
77
78    <uses-permission android:name="com.skipfeed.android.DYNAMIC_RECEIVER_NOT_EXPORTED_PERMISSION" />
78-->[androidx.core:core:1.13.0] AndroidManifest.xml:26:5-97
78-->[androidx.core:core:1.13.0] AndroidManifest.xml:26:22-94
79
80    <application
80-->src/main/AndroidManifest.xml:8:5-32:19
81        android:name="com.skipfeed.android.SkipFeedApplication"
81-->src/main/AndroidManifest.xml:9:9-44
82        android:allowBackup="true"
82-->src/main/AndroidManifest.xml:10:9-35
83        android:appComponentFactory="androidx.core.app.CoreComponentFactory"
83-->[androidx.core:core:1.13.0] AndroidManifest.xml:28:18-86
84        android:dataExtractionRules="@xml/data_extraction_rules"
84-->src/main/AndroidManifest.xml:11:9-65
85        android:extractNativeLibs="false"
86        android:fullBackupContent="@xml/backup_rules"
86-->src/main/AndroidManifest.xml:12:9-54
87        android:icon="@mipmap/ic_launcher"
87-->src/main/AndroidManifest.xml:13:9-43
88        android:label="@string/app_name"
88-->src/main/AndroidManifest.xml:14:9-41
89        android:roundIcon="@mipmap/ic_launcher_round"
89-->src/main/AndroidManifest.xml:15:9-54
90        android:supportsRtl="true"
90-->src/main/AndroidManifest.xml:16:9-35
91        android:theme="@style/Theme.SkipFeed" >
91-->src/main/AndroidManifest.xml:17:9-46
92        <activity
92-->src/main/AndroidManifest.xml:20:9-30:20
93            android:name="com.skipfeed.android.presentation.MainActivity"
93-->src/main/AndroidManifest.xml:21:13-54
94            android:exported="true"
94-->src/main/AndroidManifest.xml:22:13-36
95            android:label="@string/app_name"
95-->src/main/AndroidManifest.xml:23:13-45
96            android:theme="@style/Theme.SkipFeed.Splash"
96-->src/main/AndroidManifest.xml:24:13-57
97            android:windowSoftInputMode="adjustResize" >
97-->src/main/AndroidManifest.xml:25:13-55
98            <intent-filter>
98-->src/main/AndroidManifest.xml:26:13-29:29
99                <action android:name="android.intent.action.MAIN" />
99-->src/main/AndroidManifest.xml:27:17-69
99-->src/main/AndroidManifest.xml:27:25-66
100
101                <category android:name="android.intent.category.LAUNCHER" />
101-->src/main/AndroidManifest.xml:28:17-77
101-->src/main/AndroidManifest.xml:28:27-74
102            </intent-filter>
103        </activity>
104
105        <provider
105-->[androidx.emoji2:emoji2:1.3.0] AndroidManifest.xml:24:9-32:20
106            android:name="androidx.startup.InitializationProvider"
106-->[androidx.emoji2:emoji2:1.3.0] AndroidManifest.xml:25:13-67
107            android:authorities="com.skipfeed.android.androidx-startup"
107-->[androidx.emoji2:emoji2:1.3.0] AndroidManifest.xml:26:13-68
108            android:exported="false" >
108-->[androidx.emoji2:emoji2:1.3.0] AndroidManifest.xml:27:13-37
109            <meta-data
109-->[androidx.emoji2:emoji2:1.3.0] AndroidManifest.xml:29:13-31:52
110                android:name="androidx.emoji2.text.EmojiCompatInitializer"
110-->[androidx.emoji2:emoji2:1.3.0] AndroidManifest.xml:30:17-75
111                android:value="androidx.startup" />
111-->[androidx.emoji2:emoji2:1.3.0] AndroidManifest.xml:31:17-49
112            <meta-data
112-->[androidx.lifecycle:lifecycle-process:2.7.0] AndroidManifest.xml:29:13-31:52
113                android:name="androidx.lifecycle.ProcessLifecycleInitializer"
113-->[androidx.lifecycle:lifecycle-process:2.7.0] AndroidManifest.xml:30:17-78
114                android:value="androidx.startup" />
114-->[androidx.lifecycle:lifecycle-process:2.7.0] AndroidManifest.xml:31:17-49
115            <meta-data
115-->[androidx.profileinstaller:profileinstaller:1.3.1] AndroidManifest.xml:29:13-31:52
116                android:name="androidx.profileinstaller.ProfileInstallerInitializer"
116-->[androidx.profileinstaller:profileinstaller:1.3.1] AndroidManifest.xml:30:17-85
117                android:value="androidx.startup" />
117-->[androidx.profileinstaller:profileinstaller:1.3.1] AndroidManifest.xml:31:17-49
118        </provider>
119
120        <uses-library
120-->[androidx.window:window:1.0.0] AndroidManifest.xml:25:9-27:40
121            android:name="androidx.window.extensions"
121-->[androidx.window:window:1.0.0] AndroidManifest.xml:26:13-54
122            android:required="false" />
122-->[androidx.window:window:1.0.0] AndroidManifest.xml:27:13-37
123        <uses-library
123-->[androidx.window:window:1.0.0] AndroidManifest.xml:28:9-30:40
124            android:name="androidx.window.sidecar"
124-->[androidx.window:window:1.0.0] AndroidManifest.xml:29:13-51
125            android:required="false" />
125-->[androidx.window:window:1.0.0] AndroidManifest.xml:30:13-37
126
127        <service
127-->[androidx.room:room-runtime:2.6.1] AndroidManifest.xml:24:9-28:63
128            android:name="androidx.room.MultiInstanceInvalidationService"
128-->[androidx.room:room-runtime:2.6.1] AndroidManifest.xml:25:13-74
129            android:directBootAware="true"
129-->[androidx.room:room-runtime:2.6.1] AndroidManifest.xml:26:13-43
130            android:exported="false" />
130-->[androidx.room:room-runtime:2.6.1] AndroidManifest.xml:27:13-37
131
132        <receiver
132-->[androidx.profileinstaller:profileinstaller:1.3.1] AndroidManifest.xml:34:9-52:20
133            android:name="androidx.profileinstaller.ProfileInstallReceiver"
133-->[androidx.profileinstaller:profileinstaller:1.3.1] AndroidManifest.xml:35:13-76
134            android:directBootAware="false"
134-->[androidx.profileinstaller:profileinstaller:1.3.1] AndroidManifest.xml:36:13-44
135            android:enabled="true"
135-->[androidx.profileinstaller:profileinstaller:1.3.1] AndroidManifest.xml:37:13-35
136            android:exported="true"
136-->[androidx.profileinstaller:profileinstaller:1.3.1] AndroidManifest.xml:38:13-36
137            android:permission="android.permission.DUMP" >
137-->[androidx.profileinstaller:profileinstaller:1.3.1] AndroidManifest.xml:39:13-57
138            <intent-filter>
138-->[androidx.profileinstaller:profileinstaller:1.3.1] AndroidManifest.xml:40:13-42:29
139                <action android:name="androidx.profileinstaller.action.INSTALL_PROFILE" />
139-->[androidx.profileinstaller:profileinstaller:1.3.1] AndroidManifest.xml:41:17-91
139-->[androidx.profileinstaller:profileinstaller:1.3.1] AndroidManifest.xml:41:25-88
140            </intent-filter>
141            <intent-filter>
141-->[androidx.profileinstaller:profileinstaller:1.3.1] AndroidManifest.xml:43:13-45:29
142                <action android:name="androidx.profileinstaller.action.SKIP_FILE" />
142-->[androidx.profileinstaller:profileinstaller:1.3.1] AndroidManifest.xml:44:17-85
142-->[androidx.profileinstaller:profileinstaller:1.3.1] AndroidManifest.xml:44:25-82
143            </intent-filter>
144            <intent-filter>
144-->[androidx.profileinstaller:profileinstaller:1.3.1] AndroidManifest.xml:46:13-48:29
145                <action android:name="androidx.profileinstaller.action.SAVE_PROFILE" />
145-->[androidx.profileinstaller:profileinstaller:1.3.1] AndroidManifest.xml:47:17-88
145-->[androidx.profileinstaller:profileinstaller:1.3.1] AndroidManifest.xml:47:25-85
146            </intent-filter>
147            <intent-filter>
147-->[androidx.profileinstaller:profileinstaller:1.3.1] AndroidManifest.xml:49:13-51:29
148                <action android:name="androidx.profileinstaller.action.BENCHMARK_OPERATION" />
148-->[androidx.profileinstaller:profileinstaller:1.3.1] AndroidManifest.xml:50:17-95
148-->[androidx.profileinstaller:profileinstaller:1.3.1] AndroidManifest.xml:50:25-92
149            </intent-filter>
150        </receiver>
151    </application>
152
153</manifest>